  main2.cpp
  C:\Program Files (x86)\Windows Kits\10\Include\10.0.18362.0\um\dinput.h: DIRECTINPUT_VERSION undefined. Defaulting to version 0x0800
D:\AdvancedTech\main2.cpp(327,24): warning C4244:  '-=': conversion from 'double' to 'float', possible loss of data
D:\AdvancedTech\main2.cpp(332,24): warning C4244:  '+=': conversion from 'double' to 'float', possible loss of data
D:\AdvancedTech\main2.cpp(337,24): warning C4244:  '+=': conversion from 'double' to 'float', possible loss of data
D:\AdvancedTech\main2.cpp(342,24): warning C4244:  '-=': conversion from 'double' to 'float', possible loss of data
D:\AdvancedTech\main2.cpp(359,23): warning C4244:  '-=': conversion from 'double' to 'float', possible loss of data
D:\AdvancedTech\main2.cpp(363,23): warning C4244:  '+=': conversion from 'double' to 'float', possible loss of data
D:\AdvancedTech\main2.cpp(367,23): warning C4244:  '+=': conversion from 'double' to 'float', possible loss of data
D:\AdvancedTech\main2.cpp(371,23): warning C4244:  '-=': conversion from 'double' to 'float', possible loss of data
D:\AdvancedTech\main2.cpp(386,25): warning C4244:  '-=': conversion from 'double' to 'float', possible loss of data
D:\AdvancedTech\main2.cpp(390,25): warning C4244:  '+=': conversion from 'double' to 'float', possible loss of data
D:\AdvancedTech\main2.cpp(394,25): warning C4244:  '+=': conversion from 'double' to 'float', possible loss of data
D:\AdvancedTech\main2.cpp(398,25): warning C4244:  '-=': conversion from 'double' to 'float', possible loss of data
D:\AdvancedTech\main2.cpp(420,14): warning C4244:  'initializing': conversion from 'double' to 'float', possible loss of data
D:\AdvancedTech\main2.cpp(450,15): warning C4305:  '-=': truncation from 'double' to 'float'
D:\AdvancedTech\main2.cpp(454,15): warning C4244:  '=': conversion from 'double' to 'float', possible loss of data
D:\AdvancedTech\main2.cpp(458,15): warning C4305:  '-=': truncation from 'double' to 'float'
D:\AdvancedTech\main2.cpp(462,15): warning C4244:  '=': conversion from 'double' to 'float', possible loss of data
D:\AdvancedTech\main2.cpp(826,15): warning C4244:  '=': conversion from 'float' to '__int64', possible loss of data
D:\AdvancedTech\main2.cpp(834,20): warning C4244:  '+=': conversion from 'double' to 'float', possible loss of data
D:\AdvancedTech\main2.cpp(906,2): warning C4267:  'argument': conversion from 'size_t' to 'UINT32', possible loss of data
D:\AdvancedTech\main2.cpp(1040,12): warning C4244:  'return': conversion from 'WPARAM' to 'int', possible loss of data
main2.obj : error LNK2019: unresolved external symbol D3D10CreateDevice1 referenced in function "bool __cdecl InitD2D_D3D101_DWrite(struct IDXGIAdapter1 *)" (?InitD2D_D3D101_DWrite@@YA_NPEAUIDXGIAdapter1@@@Z)
main2.obj : error LNK2019: unresolved external symbol D3DCompileFromFile referenced in function "bool __cdecl InitScene(void)" (?InitScene@@YA_NXZ)
D:\AdvancedTech\x64\Debug\AdvancedTech-m2ratcliffe.exe : fatal error LNK1120: 2 unresolved externals
