d:\advancedtech\x64\debug\vc142.pdb
d:\advancedtech\x64\debug\vc142.idb
d:\advancedtech\x64\debug\scene.obj
d:\advancedtech\x64\debug\main2.obj
d:\advancedtech\x64\debug\pixelshader.cso
d:\advancedtech\x64\debug\vertexshader.cso
d:\advancedtech\x64\debug\advancedtech-m2ratcliffe.pdb
d:\advancedtech\x64\debug\advanced.803670d8.tlog\cl.command.1.tlog
d:\advancedtech\x64\debug\advanced.803670d8.tlog\cl.read.1.tlog
d:\advancedtech\x64\debug\advanced.803670d8.tlog\cl.write.1.tlog
d:\advancedtech\x64\debug\advanced.803670d8.tlog\fxc.command.1.tlog
d:\advancedtech\x64\debug\advanced.803670d8.tlog\fxc.read.1.tlog
d:\advancedtech\x64\debug\advanced.803670d8.tlog\fxc.write.1.tlog
d:\advancedtech\x64\debug\advanced.803670d8.tlog\link-cvtres.read.1.tlog
d:\advancedtech\x64\debug\advanced.803670d8.tlog\link-cvtres.write.1.tlog
d:\advancedtech\x64\debug\advanced.803670d8.tlog\link-rc.read.1.tlog
d:\advancedtech\x64\debug\advanced.803670d8.tlog\link-rc.write.1.tlog
d:\advancedtech\x64\debug\advanced.803670d8.tlog\link.command.1.tlog
d:\advancedtech\x64\debug\advanced.803670d8.tlog\link.read.1.tlog
d:\advancedtech\x64\debug\advanced.803670d8.tlog\link.write.1.tlog
